<?xml version="1.0" encoding="UTF-8"?>
<testng-results ignored="0" total="2" passed="1" failed="1" skipped="0">
  <reporter-output>
  </reporter-output>
  <suite started-at="2023-12-13T20:31:47 IST" name="Suite" finished-at="2023-12-13T20:32:09 IST" duration-ms="21289">
    <groups>
    </groups>
    <test started-at="2023-12-13T20:31:47 IST" name="regression testing" finished-at="2023-12-13T20:32:09 IST" duration-ms="21289">
      <class name="com.test.TC_01">
        <test-method is-config="true" signature="browserSetup()[pri:0, instance:com.test.TC_01@7e057f43]" started-at="2023-12-13T20:31:47 IST" name="browserSetup" finished-at="2023-12-13T20:31:51 IST" duration-ms="3413" status="PASS">
          <reporter-output>
          </reporter-output>
        </test-method> <!-- browserSetup -->
        <test-method signature="Test1()[pri:0, instance:com.test.TC_01@7e057f43]" started-at="2023-12-13T20:31:51 IST" name="Test1" description="Verify login with valid ESS username and valid password." finished-at="2023-12-13T20:31:57 IST" duration-ms="6389" status="FAIL">
          <exception class="java.lang.AssertionError">
            <message>
              <![CDATA[Text mismatch:  expected [TextDashboard] but found [Dashboard]]]>
            </message>
            <full-stacktrace>
              <![CDATA[java.lang.AssertionError: Text mismatch:  expected [TextDashboard] but found [Dashboard]
at org.testng.Assert.fail(Assert.java:111)
at org.testng.Assert.failNotEquals(Assert.java:1578)
at org.testng.Assert.assertEqualsImpl(Assert.java:150)
at org.testng.Assert.assertEquals(Assert.java:132)
at org.testng.Assert.assertEquals(Assert.java:656)
at com.utility.Utility.assertTextEqualsByElementText(Utility.java:111)
at com.test.TC_01.Test1(TC_01.java:37)
at java.base/jdk.internal.reflect.NativeMethodAccessorImpl.invoke0(Native Method)
at java.base/jdk.internal.reflect.NativeMethodAccessorImpl.invoke(NativeMethodAccessorImpl.java:77)
at java.base/jdk.internal.reflect.DelegatingMethodAccessorImpl.invoke(DelegatingMethodAccessorImpl.java:43)
at java.base/java.lang.reflect.Method.invoke(Method.java:568)
at org.testng.internal.invokers.MethodInvocationHelper.invokeMethod(MethodInvocationHelper.java:139)
at org.testng.internal.invokers.TestInvoker.invokeMethod(TestInvoker.java:664)
at org.testng.internal.invokers.TestInvoker.invokeTestMethod(TestInvoker.java:227)
at org.testng.internal.invokers.MethodRunner.runInSequence(MethodRunner.java:50)
at org.testng.internal.invokers.TestInvoker$MethodInvocationAgent.invoke(TestInvoker.java:957)
at org.testng.internal.invokers.TestInvoker.invokeTestMethods(TestInvoker.java:200)
at org.testng.internal.invokers.TestMethodWorker.invokeTestMethods(TestMethodWorker.java:148)
at org.testng.internal.invokers.TestMethodWorker.run(TestMethodWorker.java:128)
at java.base/java.util.ArrayList.forEach(ArrayList.java:1511)
at org.testng.TestRunner.privateRun(TestRunner.java:848)
at org.testng.TestRunner.run(TestRunner.java:621)
at org.testng.SuiteRunner.runTest(SuiteRunner.java:443)
at org.testng.SuiteRunner.runSequentially(SuiteRunner.java:437)
at org.testng.SuiteRunner.privateRun(SuiteRunner.java:397)
at org.testng.SuiteRunner.run(SuiteRunner.java:336)
at org.testng.SuiteRunnerWorker.runSuite(SuiteRunnerWorker.java:52)
at org.testng.SuiteRunnerWorker.run(SuiteRunnerWorker.java:95)
at org.testng.TestNG.runSuitesSequentially(TestNG.java:1280)
at org.testng.TestNG.runSuitesLocally(TestNG.java:1200)
at org.testng.TestNG.runSuites(TestNG.java:1114)
at org.testng.TestNG.run(TestNG.java:1082)
at org.testng.remote.AbstractRemoteTestNG.run(AbstractRemoteTestNG.java:115)
at org.testng.remote.RemoteTestNG.initAndRun(RemoteTestNG.java:251)
at org.testng.remote.RemoteTestNG.main(RemoteTestNG.java:77)
]]>
            </full-stacktrace>
          </exception> <!-- java.lang.AssertionError -->
          <reporter-output>
          </reporter-output>
        </test-method> <!-- Test1 -->
        <test-method is-config="true" signature="tearUp()[pri:0, instance:com.test.TC_01@7e057f43]" started-at="2023-12-13T20:31:58 IST" name="tearUp" finished-at="2023-12-13T20:31:58 IST" duration-ms="578" status="PASS">
          <reporter-output>
          </reporter-output>
        </test-method> <!-- tearUp -->
      </class> <!-- com.test.TC_01 -->
      <class name="com.test.TC_MyInfo_006">
        <test-method is-config="true" signature="browserSetup()[pri:0, instance:com.test.TC_MyInfo_006@221a3fa4]" started-at="2023-12-13T20:31:58 IST" name="browserSetup" finished-at="2023-12-13T20:32:00 IST" duration-ms="1256" status="PASS">
          <reporter-output>
          </reporter-output>
        </test-method> <!-- browserSetup -->
        <test-method signature="tc_myinfo_006()[pri:0, instance:com.test.TC_MyInfo_006@221a3fa4]" started-at="2023-12-13T20:32:00 IST" name="tc_myinfo_006" description="Verify ESS user can edit some fileds in Personal Details" finished-at="2023-12-13T20:32:08 IST" duration-ms="8564" status="PASS">
          <reporter-output>
          </reporter-output>
        </test-method> <!-- tc_myinfo_006 -->
        <test-method is-config="true" signature="tearUp()[pri:0, instance:com.test.TC_MyInfo_006@221a3fa4]" started-at="2023-12-13T20:32:08 IST" name="tearUp" finished-at="2023-12-13T20:32:09 IST" duration-ms="455" status="PASS">
          <reporter-output>
          </reporter-output>
        </test-method> <!-- tearUp -->
      </class> <!-- com.test.TC_MyInfo_006 -->
    </test> <!-- regression testing -->
  </suite> <!-- Suite -->
</testng-results>
